C:\Program Files (x86)\Microsoft Visual Studio\2017\Community\Common7\IDE\VC\VCTargets\Microsoft.CppBuild.targets(377,5): warning MSB8004: Output Directory does not end with a trailing slash.  This build instance will add the slash as it is required to allow proper evaluation of the Output Directory.
  CheckRouteFound.c
  DSR.c
  LEACH.c
f:\v11.1_project\leach_in_wsn_v11.1\32-bit\workspace_leach_in_wsn\src\simulation\dsr\leach.c(43): warning C4010: single-line comment contains line-continuation character
f:\v11.1_project\leach_in_wsn_v11.1\32-bit\workspace_leach_in_wsn\src\simulation\dsr\leach.c(44): warning C4010: single-line comment contains line-continuation character
f:\v11.1_project\leach_in_wsn_v11.1\32-bit\workspace_leach_in_wsn\src\simulation\dsr\leach.c(45): warning C4010: single-line comment contains line-continuation character
f:\v11.1_project\leach_in_wsn_v11.1\32-bit\workspace_leach_in_wsn\src\simulation\dsr\leach.c(93): warning C4013: 'fn_NetSim_LEACH_AssignClusterHead' undefined; assuming extern returning int
f:\v11.1_project\leach_in_wsn_v11.1\32-bit\workspace_leach_in_wsn\src\simulation\dsr\leach.c(120): warning C4013: 'fn_NetSim_LEACH_IdentifyCluster' undefined; assuming extern returning int
f:\v11.1_project\leach_in_wsn_v11.1\32-bit\workspace_leach_in_wsn\src\simulation\dsr\leach.c(76): warning C4101: 'nInterface': unreferenced local variable
  MaintBuffer.c
  Network_Layer_Ack.c
  PacketProcessing.c
f:\v11.1_project\leach_in_wsn_v11.1\32-bit\workspace_leach_in_wsn\src\simulation\dsr\packetprocessing.c(36): warning C4013: 'fn_NetSim_LEACH_GetNextHop' undefined; assuming extern returning int
  RouteCache.c
  RouteError.c
  RouteReply.c
  RouteRequest.c
  SendBuffer.c
  SourceRoute.c
f:\v11.1_project\leach_in_wsn_v11.1\32-bit\workspace_leach_in_wsn\src\simulation\dsr\sourceroute.c(64): warning C4013: 'fn_NetSim_LEACH_CheckDestination' undefined; assuming extern returning int
  Generating Code...
f:\v11.1_project\leach_in_wsn_v11.1\32-bit\workspace_leach_in_wsn\src\simulation\dsr\leach.c(183): warning C4715: 'fn_NetSim_LEACH_IdentifyCluster': not all control paths return a value
C:\Program Files (x86)\Microsoft Visual Studio\2017\Community\Common7\IDE\VC\VCTargets\Microsoft.CppBuild.targets(1216,5): warning MSB8012: TargetPath(F:\v11.1_Project\LEACH_in_WSN_v11.1\32-bit\WorkSpace_LEACH_in_WSN\src\Simulation\DSR\..\..\..\bin\bin_x86\DSR.dll) does not match the Linker's OutputFile property value (F:\v11.1_Project\LEACH_in_WSN_v11.1\32-bit\WorkSpace_LEACH_in_WSN\bin\bin_x86\libDSR.dll). This may cause your project to build incorrectly. To correct this, please make sure that $(OutDir), $(TargetName) and $(TargetExt) property values match the value specified in %(Link.OutputFile).
C:\Program Files (x86)\Microsoft Visual Studio\2017\Community\Common7\IDE\VC\VCTargets\Microsoft.CppBuild.targets(1218,5): warning MSB8012: TargetName(DSR) does not match the Linker's OutputFile property value (libDSR). This may cause your project to build incorrectly. To correct this, please make sure that $(OutDir), $(TargetName) and $(TargetExt) property values match the value specified in %(Link.OutputFile).
CheckRouteFound.obj : warning LNK4075: ignoring '/EDITANDCONTINUE' due to '/INCREMENTAL:NO' specification
  List.lib(List.obj) : MSIL .netmodule or module compiled with /GL found; restarting link with /LTCG; add /LTCG to the link command line to improve linker performance
CheckRouteFound.obj : warning LNK4075: ignoring '/EDITANDCONTINUE' due to '/INCREMENTAL:NO' specification
     Creating library ..\..\..\bin\bin_x86\DSR.lib and object ..\..\..\bin\bin_x86\DSR.exp
LINK : warning LNK4098: defaultlib 'MSVCRT' conflicts with use of other libs; use /NODEFAULTLIB:library
  Generating code
  Finished generating code
List.lib(List.obj) : warning LNK4099: PDB 'List.pdb' was not found with 'List.lib(List.obj)' or at 'F:\v11.1_Project\LEACH_in_WSN_v11.1\32-bit\WorkSpace_LEACH_in_WSN\bin\bin_x86\List.pdb'; linking object as if no debug info
DSR.lib(DSR.obj) : warning LNK4099: PDB 'DSRLib.pdb' was not found with 'DSR.lib(DSR.obj)' or at 'F:\v11.1_Project\LEACH_in_WSN_v11.1\32-bit\WorkSpace_LEACH_in_WSN\bin\bin_x86\DSRLib.pdb'; linking object as if no debug info
DSR.lib(LinkLayerAck.obj) : warning LNK4099: PDB 'DSRLib.pdb' was not found with 'DSR.lib(LinkLayerAck.obj)' or at 'F:\v11.1_Project\LEACH_in_WSN_v11.1\32-bit\WorkSpace_LEACH_in_WSN\bin\bin_x86\DSRLib.pdb'; linking object as if no debug info
  DSR.vcxproj -> F:\v11.1_Project\LEACH_in_WSN_v11.1\32-bit\WorkSpace_LEACH_in_WSN\src\Simulation\DSR\..\..\..\bin\bin_x86\DSR.dll
