f:\fileexchangeprojectsv11\leach_v11\32bit\code\dsr\debug\vc141.pdb
f:\fileexchangeprojectsv11\leach_v11\32bit\code\dsr\debug\vc141.idb
f:\fileexchangeprojectsv11\leach_v11\32bit\code\dsr\debug\sourceroute.obj
f:\fileexchangeprojectsv11\leach_v11\32bit\code\dsr\debug\sendbuffer.obj
f:\fileexchangeprojectsv11\leach_v11\32bit\code\dsr\debug\routerequest.obj
f:\fileexchangeprojectsv11\leach_v11\32bit\code\dsr\debug\routereply.obj
f:\fileexchangeprojectsv11\leach_v11\32bit\code\dsr\debug\routeerror.obj
f:\fileexchangeprojectsv11\leach_v11\32bit\code\dsr\debug\routecache.obj
f:\fileexchangeprojectsv11\leach_v11\32bit\code\dsr\debug\packetprocessing.obj
f:\fileexchangeprojectsv11\leach_v11\32bit\code\dsr\debug\network_layer_ack.obj
f:\fileexchangeprojectsv11\leach_v11\32bit\code\dsr\debug\maintbuffer.obj
f:\fileexchangeprojectsv11\leach_v11\32bit\code\dsr\debug\leach.obj
f:\fileexchangeprojectsv11\leach_v11\32bit\code\dsr\debug\dsr.obj
f:\fileexchangeprojectsv11\leach_v11\32bit\code\dsr\debug\checkroutefound.obj
f:\fileexchangeprojectsv11\leach_v11\32bit\code\dll\dsr.lib
f:\fileexchangeprojectsv11\leach_v11\32bit\code\dll\dsr.exp
f:\fileexchangeprojectsv11\leach_v11\32bit\code\dll\libdsr.dll
f:\fileexchangeprojectsv11\leach_v11\32bit\code\dll\dsr.pdb
f:\v11.1_project\leach_in_wsn_v11.1\32-bit\workspace_leach_in_wsn\src\simulation\dsr\debug\checkroutefound.obj
f:\v11.1_project\leach_in_wsn_v11.1\32-bit\workspace_leach_in_wsn\src\simulation\dsr\debug\dsr.obj
f:\v11.1_project\leach_in_wsn_v11.1\32-bit\workspace_leach_in_wsn\src\simulation\dsr\debug\leach.obj
f:\v11.1_project\leach_in_wsn_v11.1\32-bit\workspace_leach_in_wsn\src\simulation\dsr\debug\maintbuffer.obj
f:\v11.1_project\leach_in_wsn_v11.1\32-bit\workspace_leach_in_wsn\src\simulation\dsr\debug\network_layer_ack.obj
f:\v11.1_project\leach_in_wsn_v11.1\32-bit\workspace_leach_in_wsn\src\simulation\dsr\debug\packetprocessing.obj
f:\v11.1_project\leach_in_wsn_v11.1\32-bit\workspace_leach_in_wsn\src\simulation\dsr\debug\routecache.obj
f:\v11.1_project\leach_in_wsn_v11.1\32-bit\workspace_leach_in_wsn\src\simulation\dsr\debug\routeerror.obj
f:\v11.1_project\leach_in_wsn_v11.1\32-bit\workspace_leach_in_wsn\src\simulation\dsr\debug\routereply.obj
f:\v11.1_project\leach_in_wsn_v11.1\32-bit\workspace_leach_in_wsn\src\simulation\dsr\debug\routerequest.obj
f:\v11.1_project\leach_in_wsn_v11.1\32-bit\workspace_leach_in_wsn\src\simulation\dsr\debug\sendbuffer.obj
f:\v11.1_project\leach_in_wsn_v11.1\32-bit\workspace_leach_in_wsn\src\simulation\dsr\debug\sourceroute.obj
f:\v11.1_project\leach_in_wsn_v11.1\32-bit\workspace_leach_in_wsn\src\simulation\dsr\debug\vc141.idb
f:\v11.1_project\leach_in_wsn_v11.1\32-bit\workspace_leach_in_wsn\src\simulation\dsr\debug\vc141.pdb
f:\v11.1_project\leach_in_wsn_v11.1\32-bit\workspace_leach_in_wsn\src\simulation\dsr\debug\dsr.tlog\cl.command.1.tlog
f:\v11.1_project\leach_in_wsn_v11.1\32-bit\workspace_leach_in_wsn\src\simulation\dsr\debug\dsr.tlog\cl.read.1.tlog
f:\v11.1_project\leach_in_wsn_v11.1\32-bit\workspace_leach_in_wsn\src\simulation\dsr\debug\dsr.tlog\cl.write.1.tlog
f:\v11.1_project\leach_in_wsn_v11.1\32-bit\workspace_leach_in_wsn\src\simulation\dsr\debug\dsr.tlog\dsr.write.1u.tlog
f:\v11.1_project\leach_in_wsn_v11.1\32-bit\workspace_leach_in_wsn\src\simulation\dsr\debug\dsr.tlog\link.command.1.tlog
f:\v11.1_project\leach_in_wsn_v11.1\32-bit\workspace_leach_in_wsn\src\simulation\dsr\debug\dsr.tlog\link.read.1.tlog
f:\v11.1_project\leach_in_wsn_v11.1\32-bit\workspace_leach_in_wsn\src\simulation\dsr\debug\dsr.tlog\link.write.1.tlog
