f:\fileexchangeprojectsv11\leach_v11\64bit\code\dsr\x64\debug\vc140.pdb
f:\fileexchangeprojectsv11\leach_v11\64bit\code\dsr\x64\debug\vc140.idb
f:\fileexchangeprojectsv11\leach_v11\64bit\code\dsr\x64\debug\checkroutefound.obj
f:\fileexchangeprojectsv11\leach_v11\64bit\code\dsr\x64\debug\dsr.obj
f:\fileexchangeprojectsv11\leach_v11\64bit\code\dsr\x64\debug\leach.obj
f:\fileexchangeprojectsv11\leach_v11\64bit\code\dsr\x64\debug\maintbuffer.obj
f:\fileexchangeprojectsv11\leach_v11\64bit\code\dsr\x64\debug\network_layer_ack.obj
f:\fileexchangeprojectsv11\leach_v11\64bit\code\dsr\x64\debug\packetprocessing.obj
f:\fileexchangeprojectsv11\leach_v11\64bit\code\dsr\x64\debug\routecache.obj
f:\fileexchangeprojectsv11\leach_v11\64bit\code\dsr\x64\debug\routeerror.obj
f:\fileexchangeprojectsv11\leach_v11\64bit\code\dsr\x64\debug\routereply.obj
f:\fileexchangeprojectsv11\leach_v11\64bit\code\dsr\x64\debug\routerequest.obj
f:\fileexchangeprojectsv11\leach_v11\64bit\code\dsr\x64\debug\sendbuffer.obj
f:\fileexchangeprojectsv11\leach_v11\64bit\code\dsr\x64\debug\sourceroute.obj
f:\fileexchangeprojectsv11\leach_v11\64bit\code\dll\dsr.lib
f:\fileexchangeprojectsv11\leach_v11\64bit\code\dll\dsr.exp
f:\fileexchangeprojectsv11\leach_v11\64bit\code\dll\libdsr.dll
f:\fileexchangeprojectsv11\leach_v11\64bit\code\dll\dsr.pdb
f:\fileexchangeprojectsv11\leach_v11\64bit\code\dsr\x64\debug\dsr.tlog\cl.command.1.tlog
f:\fileexchangeprojectsv11\leach_v11\64bit\code\dsr\x64\debug\dsr.tlog\cl.read.1.tlog
f:\fileexchangeprojectsv11\leach_v11\64bit\code\dsr\x64\debug\dsr.tlog\cl.write.1.tlog
f:\fileexchangeprojectsv11\leach_v11\64bit\code\dsr\x64\debug\dsr.tlog\dsr.write.1u.tlog
f:\fileexchangeprojectsv11\leach_v11\64bit\code\dsr\x64\debug\dsr.tlog\link.command.1.tlog
f:\fileexchangeprojectsv11\leach_v11\64bit\code\dsr\x64\debug\dsr.tlog\link.read.1.tlog
f:\fileexchangeprojectsv11\leach_v11\64bit\code\dsr\x64\debug\dsr.tlog\link.write.1.tlog
